ISim log file
Running: C:\ashdaisdh\p7D\tb_isim_beh.exe -intstyle ise -gui -tclbatch isim.cmd -wdb C:/ashdaisdh/p7D/tb_isim_beh.wdb 
ISim P.20131013 (signature 0x7708f090)
This is a Full version of ISim.
Time resolution is 1 ps
# onerror resume
# wave add /
# run 1000 ns
Simulator is doing circuit initialization process.
Finished circuit initialization process.
                  22@00003000: $ 5 <= 00003015
                  30@00003004: $ 6 <= 0000300c
                  50@00004180: $10 <= 00003014
                  58@00004184: $10 <= 00003018
                  66@0000418c: $11 <= 00000010
                  70@00004190: $12 <= 00000004
                  70@00004194: *00000004 <= 00000010
                  82@00003018: $ 6 <= 0000300e
                  98@00004180: $10 <= 0000301c
                 106@00004184: $10 <= 00003020
                 114@0000418c: $11 <= 00000028
                 118@00004190: $12 <= 00000008
                 118@00004194: *00000008 <= 00000028
