ISim log file
Running: C:\ashdaisdh\p7Dnew\tb_isim_beh.exe -intstyle ise -gui -tclbatch isim.cmd -wdb C:/ashdaisdh/p7Dnew/tb_isim_beh.wdb 
ISim P.20131013 (signature 0x7708f090)
This is a Full version of ISim.
Time resolution is 1 ps
# onerror resume
# wave add /
# run 1000 ns
Simulator is doing circuit initialization process.
Finished circuit initialization process.
                  22@00003000: $ 2 <= 00001001
                  30@00003008: $28 <= 00000000
                  34@0000300c: $29 <= 00000000
                  38@00003010: $ 8 <= 7fff0000
                  42@00003014: $ 9 <= 7fff0000
                  46@00003018: $31 <= 00003020
                  62@00004180: $26 <= 00003018
                  66@00004184: $27 <= 80000030
                  70@00004188: $26 <= 00001000
                  70@0000418c: *00000ffc <= 00000000
                  78@00004190: $26 <= 00000f00
                  82@00004194: $29 <= 00000f00
                  90@000041d4: *00000f04 <= 00000000
                  94@000041d8: *00000f08 <= 00001001
                  98@000041dc: *00000f0c <= 00000000
                 102@000041e0: *00000f10 <= 00000000
                 106@000041e4: *00000f14 <= 00000000
                 110@000041e8: *00000f18 <= 00000000
                 114@000041ec: *00000f1c <= 00000000
                 118@000041f0: *00000f20 <= 7fff0000
                 122@000041f4: *00000f24 <= 7fff0000
                 126@000041f8: *00000f28 <= 00000000
                 130@000041fc: *00000f2c <= 00000000
                 134@00004200: *00000f30 <= 00000000
                 138@00004204: *00000f34 <= 00000000
                 142@00004208: *00000f38 <= 00000000
                 146@0000420c: *00000f3c <= 00000000
                 150@00004210: *00000f40 <= 00000000
                 154@00004214: *00000f44 <= 00000000
                 158@00004218: *00000f48 <= 00000000
                 162@0000421c: *00000f4c <= 00000000
                 166@00004220: *00000f50 <= 00000000
                 170@00004224: *00000f54 <= 00000000
                 174@00004228: *00000f58 <= 00000000
                 178@0000422c: *00000f5c <= 00000000
                 182@00004230: *00000f60 <= 00000000
                 186@00004234: *00000f64 <= 00000000
                 190@00004238: *00000f68 <= 00000f00
                 194@0000423c: *00000f6c <= 80000030
                 198@00004240: *00000f70 <= 00000000
                 202@00004244: *00000f74 <= 00000f00
                 206@00004248: *00000f78 <= 00000000
                 210@0000424c: *00000f7c <= 00003020
                 218@00004250: $26 <= 00000000
                 218@00004254: *00000f80 <= 00000000
                 226@00004258: $26 <= 00000000
                 226@0000425c: *00000f84 <= 00000000
                 242@000041a0: $26 <= 80000030
                 246@000041a4: $27 <= 0000007c
                 250@000041a8: $26 <= 00000030
                 266@000041b4: $26 <= 00003018
                 270@000041b8: $ 1 <= 00000000
                 274@000041bc: $ 1 <= 00000004
                 278@000041c0: $26 <= 0000301c
                 294@00004268: $ 1 <= 00000000
                 298@0000426c: $ 2 <= 00001001
                 302@00004270: $ 3 <= 00000000
                 306@00004274: $ 4 <= 00000000
                 310@00004278: $ 5 <= 00000000
                 314@0000427c: $ 6 <= 00000000
                 318@00004280: $ 7 <= 00000000
                 322@00004284: $ 8 <= 7fff0000
                 326@00004288: $ 9 <= 7fff0000
                 330@0000428c: $10 <= 00000000
                 334@00004290: $11 <= 00000000
                 338@00004294: $12 <= 00000000
                 342@00004298: $13 <= 00000000
                 346@0000429c: $14 <= 00000000
                 350@000042a0: $15 <= 00000000
                 354@000042a4: $16 <= 00000000
                 358@000042a8: $17 <= 00000000
                 362@000042ac: $18 <= 00000000
                 366@000042b0: $19 <= 00000000
                 370@000042b4: $20 <= 00000000
                 374@000042b8: $21 <= 00000000
                 378@000042bc: $22 <= 00000000
                 382@000042c0: $23 <= 00000000
                 386@000042c4: $24 <= 00000000
                 390@000042c8: $25 <= 00000000
                 394@000042cc: $26 <= 00000f00
                 398@000042d0: $27 <= 80000030
                 402@000042d4: $28 <= 00000000
                 406@000042d8: $29 <= 00000f00
                 414@000042dc: $30 <= 00000000
                 418@000042e0: $31 <= 00003020
                 422@000042e4: $26 <= 00000000
                 434@000042ec: $26 <= 00000000
                 470@00004180: $26 <= 0000301c
                 474@00004184: $27 <= 00000030
                 478@00004188: $26 <= 00001000
                 478@0000418c: *00000ffc <= 00000f00
                 486@00004190: $26 <= 00000f00
                 490@00004194: $29 <= 00000f00
                 498@000041d4: *00000f04 <= 00000000
                 502@000041d8: *00000f08 <= 00001001
                 506@000041dc: *00000f0c <= 00000000
                 510@000041e0: *00000f10 <= 00000000
                 514@000041e4: *00000f14 <= 00000000
                 518@000041e8: *00000f18 <= 00000000
                 522@000041ec: *00000f1c <= 00000000
                 526@000041f0: *00000f20 <= 7fff0000
                 530@000041f4: *00000f24 <= 7fff0000
                 534@000041f8: *00000f28 <= 00000000
                 538@000041fc: *00000f2c <= 00000000
                 542@00004200: *00000f30 <= 00000000
                 546@00004204: *00000f34 <= 00000000
                 550@00004208: *00000f38 <= 00000000
                 554@0000420c: *00000f3c <= 00000000
                 558@00004210: *00000f40 <= 00000000
                 562@00004214: *00000f44 <= 00000000
                 566@00004218: *00000f48 <= 00000000
                 570@0000421c: *00000f4c <= 00000000
                 574@00004220: *00000f50 <= 00000000
                 578@00004224: *00000f54 <= 00000000
                 582@00004228: *00000f58 <= 00000000
                 586@0000422c: *00000f5c <= 00000000
                 590@00004230: *00000f60 <= 00000000
                 594@00004234: *00000f64 <= 00000000
                 598@00004238: *00000f68 <= 00000f00
                 602@0000423c: *00000f6c <= 00000030
                 606@00004240: *00000f70 <= 00000000
                 610@00004244: *00000f74 <= 00000f00
                 614@00004248: *00000f78 <= 00000000
                 618@0000424c: *00000f7c <= 00003020
                 626@00004250: $26 <= 00000000
                 626@00004254: *00000f80 <= 00000000
                 634@00004258: $26 <= 00000000
                 634@0000425c: *00000f84 <= 00000000
                 650@000041a0: $26 <= 00000030
                 654@000041a4: $27 <= 0000007c
                 658@000041a8: $26 <= 00000030
                 674@000041b4: $26 <= 0000301c
                 678@000041b8: $ 1 <= 00000000
                 682@000041bc: $ 1 <= 00000004
                 686@000041c0: $26 <= 00003020
                 702@00004268: $ 1 <= 00000000
                 706@0000426c: $ 2 <= 00001001
                 710@00004270: $ 3 <= 00000000
                 714@00004274: $ 4 <= 00000000
                 718@00004278: $ 5 <= 00000000
                 722@0000427c: $ 6 <= 00000000
                 726@00004280: $ 7 <= 00000000
                 730@00004284: $ 8 <= 7fff0000
                 734@00004288: $ 9 <= 7fff0000
                 738@0000428c: $10 <= 00000000
                 742@00004290: $11 <= 00000000
                 746@00004294: $12 <= 00000000
                 750@00004298: $13 <= 00000000
                 754@0000429c: $14 <= 00000000
                 758@000042a0: $15 <= 00000000
                 762@000042a4: $16 <= 00000000
                 766@000042a8: $17 <= 00000000
                 770@000042ac: $18 <= 00000000
                 774@000042b0: $19 <= 00000000
                 778@000042b4: $20 <= 00000000
                 782@000042b8: $21 <= 00000000
                 786@000042bc: $22 <= 00000000
                 790@000042c0: $23 <= 00000000
                 794@000042c4: $24 <= 00000000
                 798@000042c8: $25 <= 00000000
                 802@000042cc: $26 <= 00000f00
                 806@000042d0: $27 <= 00000030
                 810@000042d4: $28 <= 00000000
                 814@000042d8: $29 <= 00000f00
                 822@000042dc: $30 <= 00000000
                 826@000042e0: $31 <= 00003020
                 830@000042e4: $26 <= 00000000
                 842@000042ec: $26 <= 00000000
                 866@00003020: $ 4 <= 00003001
                 890@00004180: $26 <= 00003024
                 894@00004184: $27 <= 80000030
                 898@00004188: $26 <= 00001000
                 898@0000418c: *00000ffc <= 00000f00
                 906@00004190: $26 <= 00000f00
                 910@00004194: $29 <= 00000f00
                 918@000041d4: *00000f04 <= 00000000
                 922@000041d8: *00000f08 <= 00001001
                 926@000041dc: *00000f0c <= 00000000
                 930@000041e0: *00000f10 <= 00003001
                 934@000041e4: *00000f14 <= 00000000
                 938@000041e8: *00000f18 <= 00000000
                 942@000041ec: *00000f1c <= 00000000
                 946@000041f0: *00000f20 <= 7fff0000
                 950@000041f4: *00000f24 <= 7fff0000
                 954@000041f8: *00000f28 <= 00000000
                 958@000041fc: *00000f2c <= 00000000
                 962@00004200: *00000f30 <= 00000000
                 966@00004204: *00000f34 <= 00000000
                 970@00004208: *00000f38 <= 00000000
                 974@0000420c: *00000f3c <= 00000000
                 978@00004210: *00000f40 <= 00000000
                 982@00004214: *00000f44 <= 00000000
                 986@00004218: *00000f48 <= 00000000
                 990@0000421c: *00000f4c <= 00000000
                 994@00004220: *00000f50 <= 00000000
                 998@00004224: *00000f54 <= 00000000
# restart
# run 10.00us
Simulator is doing circuit initialization process.
Finished circuit initialization process.
                  22@00003000: $ 2 <= 00001001
                  30@00003008: $28 <= 00000000
                  34@0000300c: $29 <= 00000000
                  38@00003010: $ 8 <= 7fff0000
                  42@00003014: $ 9 <= 7fff0000
                  46@00003018: $31 <= 00003020
                  62@00004180: $26 <= 00003018
                  66@00004184: $27 <= 80000030
                  70@00004188: $26 <= 00001000
                  70@0000418c: *00000ffc <= 00000000
                  78@00004190: $26 <= 00000f00
                  82@00004194: $29 <= 00000f00
                  90@000041d4: *00000f04 <= 00000000
                  94@000041d8: *00000f08 <= 00001001
                  98@000041dc: *00000f0c <= 00000000
                 102@000041e0: *00000f10 <= 00000000
                 106@000041e4: *00000f14 <= 00000000
                 110@000041e8: *00000f18 <= 00000000
                 114@000041ec: *00000f1c <= 00000000
                 118@000041f0: *00000f20 <= 7fff0000
                 122@000041f4: *00000f24 <= 7fff0000
                 126@000041f8: *00000f28 <= 00000000
                 130@000041fc: *00000f2c <= 00000000
                 134@00004200: *00000f30 <= 00000000
                 138@00004204: *00000f34 <= 00000000
                 142@00004208: *00000f38 <= 00000000
                 146@0000420c: *00000f3c <= 00000000
                 150@00004210: *00000f40 <= 00000000
                 154@00004214: *00000f44 <= 00000000
                 158@00004218: *00000f48 <= 00000000
                 162@0000421c: *00000f4c <= 00000000
                 166@00004220: *00000f50 <= 00000000
                 170@00004224: *00000f54 <= 00000000
                 174@00004228: *00000f58 <= 00000000
                 178@0000422c: *00000f5c <= 00000000
                 182@00004230: *00000f60 <= 00000000
                 186@00004234: *00000f64 <= 00000000
                 190@00004238: *00000f68 <= 00000f00
                 194@0000423c: *00000f6c <= 80000030
                 198@00004240: *00000f70 <= 00000000
                 202@00004244: *00000f74 <= 00000f00
                 206@00004248: *00000f78 <= 00000000
                 210@0000424c: *00000f7c <= 00003020
                 218@00004250: $26 <= 00000000
                 218@00004254: *00000f80 <= 00000000
                 226@00004258: $26 <= 00000000
                 226@0000425c: *00000f84 <= 00000000
                 242@000041a0: $26 <= 80000030
                 246@000041a4: $27 <= 0000007c
                 250@000041a8: $26 <= 00000030
                 266@000041b4: $26 <= 00003018
                 270@000041b8: $ 1 <= 00000000
                 274@000041bc: $ 1 <= 00000004
                 278@000041c0: $26 <= 0000301c
                 294@00004268: $ 1 <= 00000000
                 298@0000426c: $ 2 <= 00001001
                 302@00004270: $ 3 <= 00000000
                 306@00004274: $ 4 <= 00000000
                 310@00004278: $ 5 <= 00000000
                 314@0000427c: $ 6 <= 00000000
                 318@00004280: $ 7 <= 00000000
                 322@00004284: $ 8 <= 7fff0000
                 326@00004288: $ 9 <= 7fff0000
                 330@0000428c: $10 <= 00000000
                 334@00004290: $11 <= 00000000
                 338@00004294: $12 <= 00000000
                 342@00004298: $13 <= 00000000
                 346@0000429c: $14 <= 00000000
                 350@000042a0: $15 <= 00000000
                 354@000042a4: $16 <= 00000000
                 358@000042a8: $17 <= 00000000
                 362@000042ac: $18 <= 00000000
                 366@000042b0: $19 <= 00000000
                 370@000042b4: $20 <= 00000000
                 374@000042b8: $21 <= 00000000
                 378@000042bc: $22 <= 00000000
                 382@000042c0: $23 <= 00000000
                 386@000042c4: $24 <= 00000000
                 390@000042c8: $25 <= 00000000
                 394@000042cc: $26 <= 00000f00
                 398@000042d0: $27 <= 80000030
                 402@000042d4: $28 <= 00000000
                 406@000042d8: $29 <= 00000f00
                 414@000042dc: $30 <= 00000000
                 418@000042e0: $31 <= 00003020
                 422@000042e4: $26 <= 00000000
                 434@000042ec: $26 <= 00000000
                 470@00004180: $26 <= 0000301c
                 474@00004184: $27 <= 00000030
                 478@00004188: $26 <= 00001000
                 478@0000418c: *00000ffc <= 00000f00
                 486@00004190: $26 <= 00000f00
                 490@00004194: $29 <= 00000f00
                 498@000041d4: *00000f04 <= 00000000
                 502@000041d8: *00000f08 <= 00001001
                 506@000041dc: *00000f0c <= 00000000
                 510@000041e0: *00000f10 <= 00000000
                 514@000041e4: *00000f14 <= 00000000
                 518@000041e8: *00000f18 <= 00000000
                 522@000041ec: *00000f1c <= 00000000
                 526@000041f0: *00000f20 <= 7fff0000
                 530@000041f4: *00000f24 <= 7fff0000
                 534@000041f8: *00000f28 <= 00000000
                 538@000041fc: *00000f2c <= 00000000
                 542@00004200: *00000f30 <= 00000000
                 546@00004204: *00000f34 <= 00000000
                 550@00004208: *00000f38 <= 00000000
                 554@0000420c: *00000f3c <= 00000000
                 558@00004210: *00000f40 <= 00000000
                 562@00004214: *00000f44 <= 00000000
                 566@00004218: *00000f48 <= 00000000
                 570@0000421c: *00000f4c <= 00000000
                 574@00004220: *00000f50 <= 00000000
                 578@00004224: *00000f54 <= 00000000
                 582@00004228: *00000f58 <= 00000000
                 586@0000422c: *00000f5c <= 00000000
                 590@00004230: *00000f60 <= 00000000
                 594@00004234: *00000f64 <= 00000000
                 598@00004238: *00000f68 <= 00000f00
                 602@0000423c: *00000f6c <= 00000030
                 606@00004240: *00000f70 <= 00000000
                 610@00004244: *00000f74 <= 00000f00
                 614@00004248: *00000f78 <= 00000000
                 618@0000424c: *00000f7c <= 00003020
                 626@00004250: $26 <= 00000000
                 626@00004254: *00000f80 <= 00000000
                 634@00004258: $26 <= 00000000
                 634@0000425c: *00000f84 <= 00000000
                 650@000041a0: $26 <= 00000030
                 654@000041a4: $27 <= 0000007c
                 658@000041a8: $26 <= 00000030
                 674@000041b4: $26 <= 0000301c
                 678@000041b8: $ 1 <= 00000000
                 682@000041bc: $ 1 <= 00000004
                 686@000041c0: $26 <= 00003020
                 702@00004268: $ 1 <= 00000000
                 706@0000426c: $ 2 <= 00001001
                 710@00004270: $ 3 <= 00000000
                 714@00004274: $ 4 <= 00000000
                 718@00004278: $ 5 <= 00000000
                 722@0000427c: $ 6 <= 00000000
                 726@00004280: $ 7 <= 00000000
                 730@00004284: $ 8 <= 7fff0000
                 734@00004288: $ 9 <= 7fff0000
                 738@0000428c: $10 <= 00000000
                 742@00004290: $11 <= 00000000
                 746@00004294: $12 <= 00000000
                 750@00004298: $13 <= 00000000
                 754@0000429c: $14 <= 00000000
                 758@000042a0: $15 <= 00000000
                 762@000042a4: $16 <= 00000000
                 766@000042a8: $17 <= 00000000
                 770@000042ac: $18 <= 00000000
                 774@000042b0: $19 <= 00000000
                 778@000042b4: $20 <= 00000000
                 782@000042b8: $21 <= 00000000
                 786@000042bc: $22 <= 00000000
                 790@000042c0: $23 <= 00000000
                 794@000042c4: $24 <= 00000000
                 798@000042c8: $25 <= 00000000
                 802@000042cc: $26 <= 00000f00
                 806@000042d0: $27 <= 00000030
                 810@000042d4: $28 <= 00000000
                 814@000042d8: $29 <= 00000f00
                 822@000042dc: $30 <= 00000000
                 826@000042e0: $31 <= 00003020
                 830@000042e4: $26 <= 00000000
                 842@000042ec: $26 <= 00000000
                 866@00003020: $ 4 <= 00003001
                 890@00004180: $26 <= 00003024
                 894@00004184: $27 <= 80000030
                 898@00004188: $26 <= 00001000
                 898@0000418c: *00000ffc <= 00000f00
                 906@00004190: $26 <= 00000f00
                 910@00004194: $29 <= 00000f00
                 918@000041d4: *00000f04 <= 00000000
                 922@000041d8: *00000f08 <= 00001001
                 926@000041dc: *00000f0c <= 00000000
                 930@000041e0: *00000f10 <= 00003001
                 934@000041e4: *00000f14 <= 00000000
                 938@000041e8: *00000f18 <= 00000000
                 942@000041ec: *00000f1c <= 00000000
                 946@000041f0: *00000f20 <= 7fff0000
                 950@000041f4: *00000f24 <= 7fff0000
                 954@000041f8: *00000f28 <= 00000000
                 958@000041fc: *00000f2c <= 00000000
                 962@00004200: *00000f30 <= 00000000
                 966@00004204: *00000f34 <= 00000000
                 970@00004208: *00000f38 <= 00000000
                 974@0000420c: *00000f3c <= 00000000
                 978@00004210: *00000f40 <= 00000000
                 982@00004214: *00000f44 <= 00000000
                 986@00004218: *00000f48 <= 00000000
                 990@0000421c: *00000f4c <= 00000000
                 994@00004220: *00000f50 <= 00000000
                 998@00004224: *00000f54 <= 00000000
                1002@00004228: *00000f58 <= 00000000
                1006@0000422c: *00000f5c <= 00000000
                1010@00004230: *00000f60 <= 00000000
                1014@00004234: *00000f64 <= 00000000
                1018@00004238: *00000f68 <= 00000f00
                1022@0000423c: *00000f6c <= 80000030
                1026@00004240: *00000f70 <= 00000000
                1030@00004244: *00000f74 <= 00000f00
                1034@00004248: *00000f78 <= 00000000
                1038@0000424c: *00000f7c <= 00003020
                1046@00004250: $26 <= 00000000
                1046@00004254: *00000f80 <= 00000000
                1054@00004258: $26 <= 00000000
                1054@0000425c: *00000f84 <= 00000000
                1070@000041a0: $26 <= 80000030
                1074@000041a4: $27 <= 0000007c
                1078@000041a8: $26 <= 00000030
                1094@000041b4: $26 <= 00003024
                1098@000041b8: $ 1 <= 00000000
                1102@000041bc: $ 1 <= 00000004
                1106@000041c0: $26 <= 00003028
                1122@00004268: $ 1 <= 00000000
                1126@0000426c: $ 2 <= 00001001
                1130@00004270: $ 3 <= 00000000
                1134@00004274: $ 4 <= 00003001
                1138@00004278: $ 5 <= 00000000
                1142@0000427c: $ 6 <= 00000000
                1146@00004280: $ 7 <= 00000000
                1150@00004284: $ 8 <= 7fff0000
                1154@00004288: $ 9 <= 7fff0000
                1158@0000428c: $10 <= 00000000
                1162@00004290: $11 <= 00000000
                1166@00004294: $12 <= 00000000
                1170@00004298: $13 <= 00000000
                1174@0000429c: $14 <= 00000000
                1178@000042a0: $15 <= 00000000
                1182@000042a4: $16 <= 00000000
                1186@000042a8: $17 <= 00000000
                1190@000042ac: $18 <= 00000000
                1194@000042b0: $19 <= 00000000
                1198@000042b4: $20 <= 00000000
                1202@000042b8: $21 <= 00000000
                1206@000042bc: $22 <= 00000000
                1210@000042c0: $23 <= 00000000
                1214@000042c4: $24 <= 00000000
                1218@000042c8: $25 <= 00000000
                1222@000042cc: $26 <= 00000f00
                1226@000042d0: $27 <= 80000030
                1230@000042d4: $28 <= 00000000
                1234@000042d8: $29 <= 00000f00
                1242@000042dc: $30 <= 00000000
                1246@000042e0: $31 <= 00003020
                1250@000042e4: $26 <= 00000000
                1262@000042ec: $26 <= 00000000
                1298@00004180: $26 <= 00003028
                1302@00004184: $27 <= 00000030
                1306@00004188: $26 <= 00001000
                1306@0000418c: *00000ffc <= 00000f00
                1314@00004190: $26 <= 00000f00
                1318@00004194: $29 <= 00000f00
                1326@000041d4: *00000f04 <= 00000000
                1330@000041d8: *00000f08 <= 00001001
                1334@000041dc: *00000f0c <= 00000000
                1338@000041e0: *00000f10 <= 00003001
                1342@000041e4: *00000f14 <= 00000000
                1346@000041e8: *00000f18 <= 00000000
                1350@000041ec: *00000f1c <= 00000000
                1354@000041f0: *00000f20 <= 7fff0000
                1358@000041f4: *00000f24 <= 7fff0000
                1362@000041f8: *00000f28 <= 00000000
                1366@000041fc: *00000f2c <= 00000000
                1370@00004200: *00000f30 <= 00000000
                1374@00004204: *00000f34 <= 00000000
                1378@00004208: *00000f38 <= 00000000
                1382@0000420c: *00000f3c <= 00000000
                1386@00004210: *00000f40 <= 00000000
                1390@00004214: *00000f44 <= 00000000
                1394@00004218: *00000f48 <= 00000000
                1398@0000421c: *00000f4c <= 00000000
                1402@00004220: *00000f50 <= 00000000
                1406@00004224: *00000f54 <= 00000000
                1410@00004228: *00000f58 <= 00000000
                1414@0000422c: *00000f5c <= 00000000
                1418@00004230: *00000f60 <= 00000000
                1422@00004234: *00000f64 <= 00000000
                1426@00004238: *00000f68 <= 00000f00
                1430@0000423c: *00000f6c <= 00000030
                1434@00004240: *00000f70 <= 00000000
                1438@00004244: *00000f74 <= 00000f00
                1442@00004248: *00000f78 <= 00000000
                1446@0000424c: *00000f7c <= 00003020
                1454@00004250: $26 <= 00000000
                1454@00004254: *00000f80 <= 00000000
                1462@00004258: $26 <= 00000000
                1462@0000425c: *00000f84 <= 00000000
                1478@000041a0: $26 <= 00000030
                1482@000041a4: $27 <= 0000007c
                1486@000041a8: $26 <= 00000030
                1502@000041b4: $26 <= 00003028
                1506@000041b8: $ 1 <= 00000000
                1510@000041bc: $ 1 <= 00000004
                1514@000041c0: $26 <= 0000302c
                1530@00004268: $ 1 <= 00000000
                1534@0000426c: $ 2 <= 00001001
                1538@00004270: $ 3 <= 00000000
                1542@00004274: $ 4 <= 00003001
                1546@00004278: $ 5 <= 00000000
                1550@0000427c: $ 6 <= 00000000
                1554@00004280: $ 7 <= 00000000
                1558@00004284: $ 8 <= 7fff0000
                1562@00004288: $ 9 <= 7fff0000
                1566@0000428c: $10 <= 00000000
                1570@00004290: $11 <= 00000000
                1574@00004294: $12 <= 00000000
                1578@00004298: $13 <= 00000000
                1582@0000429c: $14 <= 00000000
                1586@000042a0: $15 <= 00000000
                1590@000042a4: $16 <= 00000000
                1594@000042a8: $17 <= 00000000
                1598@000042ac: $18 <= 00000000
                1602@000042b0: $19 <= 00000000
                1606@000042b4: $20 <= 00000000
                1610@000042b8: $21 <= 00000000
                1614@000042bc: $22 <= 00000000
                1618@000042c0: $23 <= 00000000
                1622@000042c4: $24 <= 00000000
                1626@000042c8: $25 <= 00000000
                1630@000042cc: $26 <= 00000f00
                1634@000042d0: $27 <= 00000030
                1638@000042d4: $28 <= 00000000
                1642@000042d8: $29 <= 00000f00
                1650@000042dc: $30 <= 00000000
                1654@000042e0: $31 <= 00003020
                1658@000042e4: $26 <= 00000000
                1670@000042ec: $26 <= 00000000
                1694@0000302c: $31 <= 00003034
