ISim log file
Running: C:\ashdaisdh\p6\tb_isim_beh.exe -intstyle ise -gui -tclbatch isim.cmd -wdb C:/ashdaisdh/p6/tb_isim_beh.wdb 
ISim P.20131013 (signature 0x7708f090)
This is a Full version of ISim.
Time resolution is 1 ps
# onerror resume
# wave add /
# run 1000 ns
Simulator is doing circuit initialization process.
Finished circuit initialization process.
                  35@00003000: $ 8 <= fffffff6
                  45@00003004: $ 9 <= fffffff8
                  65@0000300c: $31 <= 00003000
                  95@00003018: $ 1 <= 3d6c0000
                 105@0000301c: $ 1 <= 3d6cf742
                 115@00003020: $ 2 <= 5c490000
                 125@00003024: $ 2 <= 5c49f6f7
                 135@00003028: $ 3 <= 2b310000
                 145@0000302c: $ 3 <= 2b31f096
                 155@00003030: $ 4 <= c6920000
                 165@00003034: $ 4 <= c692d11b
                 175@00003038: $ 5 <= 8e1b0000
                 185@0000303c: $ 5 <= 8e1b5571
                 195@00003040: $ 6 <= f5ef0000
                 205@00003044: $ 6 <= f5efd8ef
                 215@00003048: $ 7 <= 88420000
                 225@0000304c: $ 7 <= 88425395
                 235@00003050: $ 8 <= 02250000
                 245@00003054: $ 8 <= 02256c71
                 255@00003058: $ 9 <= 7ee10000
                 265@0000305c: $ 9 <= 7ee1d69c
                 275@00003060: $10 <= 81cc0000
                 285@00003064: $10 <= 81ccbce0
                 295@00003068: $11 <= fc550000
                 305@0000306c: $11 <= fc553ddf
                 315@00003070: $12 <= 7b5a0000
                 325@00003074: $12 <= 7b5ac379
                 335@00003078: $13 <= a29b0000
                 345@0000307c: $13 <= a29be52a
                 355@00003080: $14 <= 54fa0000
                 365@00003084: $14 <= 54fa0beb
                 375@00003088: $15 <= 119b0000
                 385@0000308c: $15 <= 119baf3d
                 395@00003090: $16 <= aa330000
                 405@00003094: $16 <= aa33d981
                 415@00003098: $17 <= 03910000
                 425@0000309c: $17 <= 03914a12
                 435@000030a0: $18 <= acc00000
                 445@000030a4: $18 <= acc09034
                 455@000030a8: $19 <= 91e30000
                 465@000030ac: $19 <= 91e3db84
                 465@000030b0: *00000000 <= 2b31f096
                 475@000030b4: *00000004 <= aa33d981
                 485@000030b8: *00000008 <= 7b5ac379
                 505@000030bc: $ 4 <= 0514df29
                 515@000030c0: $11 <= aa33d981
                 535@000030c8: $12 <= 54fa0beb
                 555@000030d0: $11 <= fff5efd8
                 565@000030d4: $14 <= 119b71e1
                 575@000030d8: $ 2 <= 00000002
                 585@000030dc: $16 <= 00002b31
                 595@000030e0: $ 8 <= 00000000
                 605@000030e4: $17 <= 0000d981
                 615@000030e8: $14 <= 00000000
                 625@000030ec: $ 2 <= ffffd981
                 635@000030f0: $16 <= 55041c13
                 645@000030f4: $15 <= faeb06a8
                 665@000030fc: $13 <= 00000000
                 675@00003100: $17 <= 00000051
                 685@00003104: $ 6 <= 00000002
                 695@00003108: $19 <= 00002b31
                 705@0000310c: $ 6 <= 00000000
                 715@00003110: $17 <= aa33d981
                 745@0000311c: $19 <= 00000000
                 755@00003120: $15 <= 0000c379
                 875@00003128: $12 <= 00000002
                 875@0000312c: *00000008 <= 0000c379
# restart
# run 1.00us
Simulator is doing circuit initialization process.
Finished circuit initialization process.
                  35@00003000: $ 8 <= fffffff6
                  45@00003004: $ 9 <= fffffff8
                  65@0000300c: $31 <= 00003000
                  95@00003018: $ 1 <= 3d6c0000
                 105@0000301c: $ 1 <= 3d6cf742
                 115@00003020: $ 2 <= 5c490000
                 125@00003024: $ 2 <= 5c49f6f7
                 135@00003028: $ 3 <= 2b310000
                 145@0000302c: $ 3 <= 2b31f096
                 155@00003030: $ 4 <= c6920000
                 165@00003034: $ 4 <= c692d11b
                 175@00003038: $ 5 <= 8e1b0000
                 185@0000303c: $ 5 <= 8e1b5571
                 195@00003040: $ 6 <= f5ef0000
                 205@00003044: $ 6 <= f5efd8ef
                 215@00003048: $ 7 <= 88420000
                 225@0000304c: $ 7 <= 88425395
                 235@00003050: $ 8 <= 02250000
                 245@00003054: $ 8 <= 02256c71
                 255@00003058: $ 9 <= 7ee10000
                 265@0000305c: $ 9 <= 7ee1d69c
                 275@00003060: $10 <= 81cc0000
                 285@00003064: $10 <= 81ccbce0
                 295@00003068: $11 <= fc550000
                 305@0000306c: $11 <= fc553ddf
                 315@00003070: $12 <= 7b5a0000
                 325@00003074: $12 <= 7b5ac379
                 335@00003078: $13 <= a29b0000
                 345@0000307c: $13 <= a29be52a
                 355@00003080: $14 <= 54fa0000
                 365@00003084: $14 <= 54fa0beb
                 375@00003088: $15 <= 119b0000
                 385@0000308c: $15 <= 119baf3d
                 395@00003090: $16 <= aa330000
                 405@00003094: $16 <= aa33d981
                 415@00003098: $17 <= 03910000
                 425@0000309c: $17 <= 03914a12
                 435@000030a0: $18 <= acc00000
                 445@000030a4: $18 <= acc09034
                 455@000030a8: $19 <= 91e30000
                 465@000030ac: $19 <= 91e3db84
                 465@000030b0: *00000000 <= 2b31f096
                 475@000030b4: *00000004 <= aa33d981
                 485@000030b8: *00000008 <= 7b5ac379
                 505@000030bc: $ 4 <= 0514df29
                 515@000030c0: $11 <= aa33d981
                 535@000030c8: $12 <= 54fa0beb
                 555@000030d0: $11 <= fff5efd8
                 565@000030d4: $14 <= 119b71e1
                 575@000030d8: $ 2 <= 00000002
                 585@000030dc: $16 <= 00002b31
                 595@000030e0: $ 8 <= 00000000
                 605@000030e4: $17 <= 0000d981
                 615@000030e8: $14 <= 00000000
                 625@000030ec: $ 2 <= ffffd981
                 635@000030f0: $16 <= 55041c13
                 645@000030f4: $15 <= faeb06a8
                 665@000030fc: $13 <= 00000000
                 675@00003100: $17 <= 00000051
                 685@00003104: $ 6 <= 00000002
                 695@00003108: $19 <= 00002b31
                 705@0000310c: $ 6 <= 00000000
                 715@00003110: $17 <= aa33d981
                 745@0000311c: $19 <= 00000000
                 755@00003120: $15 <= 0000c379
                 875@00003128: $12 <= 00000002
                 875@0000312c: *00000008 <= 0000c379
