Release 14.7 - xst P.20131013 (nt64)
Copyright (c) 1995-2013 Xilinx, Inc.  All rights reserved.
--> Parameter TMPDIR set to xst/projnav.tmp


Total REAL time to Xst completion: 0.00 secs
Total CPU time to Xst completion: 0.11 secs
 
--> Parameter xsthdpdir set to xst


Total REAL time to Xst completion: 0.00 secs
Total CPU time to Xst completion: 0.11 secs
 
--> Reading design: timer.prj

TABLE OF CONTENTS
  1) Synthesis Options Summary
  2) HDL Parsing
  3) HDL Elaboration
  4) HDL Synthesis
       4.1) HDL Synthesis Report
  5) Advanced HDL Synthesis
       5.1) Advanced HDL Synthesis Report
  6) Low Level Synthesis
  7) Partition Report
  8) Design Summary
       8.1) Primitive and Black Box Usage
       8.2) Device utilization summary
       8.3) Partition Resource Summary
       8.4) Timing Report
            8.4.1) Clock Information
            8.4.2) Asynchronous Control Signals Information
            8.4.3) Timing Summary
            8.4.4) Timing Details
            8.4.5) Cross Clock Domains Report


=========================================================================
*                      Synthesis Options Summary                        *
=========================================================================
---- Source Parameters
Input File Name                    : "timer.prj"
Ignore Synthesis Constraint File   : NO

---- Target Parameters
Output File Name                   : "timer"
Output Format                      : NGC
Target Device                      : xc7a100t-3-csg324

---- Source Options
Top Module Name                    : timer
Automatic FSM Extraction           : YES
FSM Encoding Algorithm             : Auto
Safe Implementation                : No
FSM Style                          : LUT
RAM Extraction                     : Yes
RAM Style                          : Auto
ROM Extraction                     : Yes
Shift Register Extraction          : YES
ROM Style                          : Auto
Resource Sharing                   : YES
Asynchronous To Synchronous        : NO
Shift Register Minimum Size        : 2
Use DSP Block                      : Auto
Automatic Register Balancing       : No

---- Target Options
LUT Combining                      : Auto
Reduce Control Sets                : Auto
Add IO Buffers                     : YES
Global Maximum Fanout              : 100000
Add Generic Clock Buffer(BUFG)     : 32
Register Duplication               : YES
Optimize Instantiated Primitives   : NO
Use Clock Enable                   : Auto
Use Synchronous Set                : Auto
Use Synchronous Reset              : Auto
Pack IO Registers into IOBs        : Auto
Equivalent register Removal        : YES

---- General Options
Optimization Goal                  : Speed
Optimization Effort                : 1
Power Reduction                    : NO
Keep Hierarchy                     : No
Netlist Hierarchy                  : As_Optimized
RTL Output                         : Yes
Global Optimization                : AllClockNets
Read Cores                         : YES
Write Timing Constraints           : NO
Cross Clock Analysis               : NO
Hierarchy Separator                : /
Bus Delimiter                      : <>
Case Specifier                     : Maintain
Slice Utilization Ratio            : 100
BRAM Utilization Ratio             : 100
DSP48 Utilization Ratio            : 100
Auto BRAM Packing                  : NO
Slice Utilization Ratio Delta      : 5

=========================================================================


=========================================================================
*                          HDL Parsing                                  *
=========================================================================
Analyzing Verilog file "C:\ashdaisdh\new\m.v" into library work
Parsing module <timer>.

=========================================================================
*                            HDL Elaboration                            *
=========================================================================

Elaborating module <timer>.

=========================================================================
*                           HDL Synthesis                               *
=========================================================================

Synthesizing Unit <timer>.
    Related source file is "C:\ashdaisdh\new\m.v".
WARNING:Xst:647 - Input <Addr<31:4>> is never used. This port will be preserved and left unconnected if it belongs to a top-level block or it belongs to a sub-block and the hierarchy of this sub-block is preserved.
    Found 1-bit register for signal <mem<2><31>>.
    Found 1-bit register for signal <mem<2><30>>.
    Found 1-bit register for signal <mem<2><29>>.
    Found 1-bit register for signal <mem<2><28>>.
    Found 1-bit register for signal <mem<2><27>>.
    Found 1-bit register for signal <mem<2><26>>.
    Found 1-bit register for signal <mem<2><25>>.
    Found 1-bit register for signal <mem<2><24>>.
    Found 1-bit register for signal <mem<2><23>>.
    Found 1-bit register for signal <mem<2><22>>.
    Found 1-bit register for signal <mem<2><21>>.
    Found 1-bit register for signal <mem<2><20>>.
    Found 1-bit register for signal <mem<2><19>>.
    Found 1-bit register for signal <mem<2><18>>.
    Found 1-bit register for signal <mem<2><17>>.
    Found 1-bit register for signal <mem<2><16>>.
    Found 1-bit register for signal <mem<2><15>>.
    Found 1-bit register for signal <mem<2><14>>.
    Found 1-bit register for signal <mem<2><13>>.
    Found 1-bit register for signal <mem<2><12>>.
    Found 1-bit register for signal <mem<2><11>>.
    Found 1-bit register for signal <mem<2><10>>.
    Found 1-bit register for signal <mem<2><9>>.
    Found 1-bit register for signal <mem<2><8>>.
    Found 1-bit register for signal <mem<2><7>>.
    Found 1-bit register for signal <mem<2><6>>.
    Found 1-bit register for signal <mem<2><5>>.
    Found 1-bit register for signal <mem<2><4>>.
    Found 1-bit register for signal <mem<2><3>>.
    Found 1-bit register for signal <mem<2><2>>.
    Found 1-bit register for signal <mem<2><1>>.
    Found 1-bit register for signal <mem<2><0>>.
    Found 1-bit register for signal <mem<1><31>>.
    Found 1-bit register for signal <mem<1><30>>.
    Found 1-bit register for signal <mem<1><29>>.
    Found 1-bit register for signal <mem<1><28>>.
    Found 1-bit register for signal <mem<1><27>>.
    Found 1-bit register for signal <mem<1><26>>.
    Found 1-bit register for signal <mem<1><25>>.
    Found 1-bit register for signal <mem<1><24>>.
    Found 1-bit register for signal <mem<1><23>>.
    Found 1-bit register for signal <mem<1><22>>.
    Found 1-bit register for signal <mem<1><21>>.
    Found 1-bit register for signal <mem<1><20>>.
    Found 1-bit register for signal <mem<1><19>>.
    Found 1-bit register for signal <mem<1><18>>.
    Found 1-bit register for signal <mem<1><17>>.
    Found 1-bit register for signal <mem<1><16>>.
    Found 1-bit register for signal <mem<1><15>>.
    Found 1-bit register for signal <mem<1><14>>.
    Found 1-bit register for signal <mem<1><13>>.
    Found 1-bit register for signal <mem<1><12>>.
    Found 1-bit register for signal <mem<1><11>>.
    Found 1-bit register for signal <mem<1><10>>.
    Found 1-bit register for signal <mem<1><9>>.
    Found 1-bit register for signal <mem<1><8>>.
    Found 1-bit register for signal <mem<1><7>>.
    Found 1-bit register for signal <mem<1><6>>.
    Found 1-bit register for signal <mem<1><5>>.
    Found 1-bit register for signal <mem<1><4>>.
    Found 1-bit register for signal <mem<1><3>>.
    Found 1-bit register for signal <mem<1><2>>.
    Found 1-bit register for signal <mem<1><1>>.
    Found 1-bit register for signal <mem<1><0>>.
    Found 1-bit register for signal <mem<0><31>>.
    Found 1-bit register for signal <mem<0><30>>.
    Found 1-bit register for signal <mem<0><29>>.
    Found 1-bit register for signal <mem<0><28>>.
    Found 1-bit register for signal <mem<0><27>>.
    Found 1-bit register for signal <mem<0><26>>.
    Found 1-bit register for signal <mem<0><25>>.
    Found 1-bit register for signal <mem<0><24>>.
    Found 1-bit register for signal <mem<0><23>>.
    Found 1-bit register for signal <mem<0><22>>.
    Found 1-bit register for signal <mem<0><21>>.
    Found 1-bit register for signal <mem<0><20>>.
    Found 1-bit register for signal <mem<0><19>>.
    Found 1-bit register for signal <mem<0><18>>.
    Found 1-bit register for signal <mem<0><17>>.
    Found 1-bit register for signal <mem<0><16>>.
    Found 1-bit register for signal <mem<0><15>>.
    Found 1-bit register for signal <mem<0><14>>.
    Found 1-bit register for signal <mem<0><13>>.
    Found 1-bit register for signal <mem<0><12>>.
    Found 1-bit register for signal <mem<0><11>>.
    Found 1-bit register for signal <mem<0><10>>.
    Found 1-bit register for signal <mem<0><9>>.
    Found 1-bit register for signal <mem<0><8>>.
    Found 1-bit register for signal <mem<0><7>>.
    Found 1-bit register for signal <mem<0><6>>.
    Found 1-bit register for signal <mem<0><5>>.
    Found 1-bit register for signal <mem<0><4>>.
    Found 1-bit register for signal <mem<0><3>>.
    Found 1-bit register for signal <mem<0><2>>.
    Found 1-bit register for signal <mem<0><1>>.
    Found 1-bit register for signal <mem<0><0>>.
    Found 1-bit register for signal <_IRQ>.
    Found 2-bit register for signal <state>.
    Found finite state machine <FSM_0> for signal <state>.
    -----------------------------------------------------------------------
    | States             | 4                                              |
    | Transitions        | 11                                             |
    | Inputs             | 3                                              |
    | Outputs            | 3                                              |
    | Clock              | clk (rising_edge)                              |
    | Reset              | reset (positive)                               |
    | Reset type         | synchronous                                    |
    | Reset State        | 00                                             |
    | Encoding           | auto                                           |
    | Implementation     | LUT                                            |
    -----------------------------------------------------------------------
    Found 32-bit subtractor for signal <mem[2][31]_GND_1_o_sub_10_OUT> created at line 72.
    Found 32-bit 3-to-1 multiplexer for signal <Dout> created at line 45.
    Found 32-bit comparator greater for signal <GND_1_o_mem[2][31]_LessThan_9_o> created at line 72
    Summary:
	inferred   1 Adder/Subtractor(s).
	inferred  97 D-type flip-flop(s).
	inferred   1 Comparator(s).
	inferred 126 Multiplexer(s).
	inferred   1 Finite State Machine(s).
Unit <timer> synthesized.

=========================================================================
HDL Synthesis Report

Macro Statistics
# Adders/Subtractors                                   : 1
 32-bit subtractor                                     : 1
# Registers                                            : 35
 1-bit register                                        : 33
 32-bit register                                       : 2
# Comparators                                          : 1
 32-bit comparator greater                             : 1
# Multiplexers                                         : 126
 1-bit 2-to-1 multiplexer                              : 125
 32-bit 3-to-1 multiplexer                             : 1
# FSMs                                                 : 1

=========================================================================

=========================================================================
*                       Advanced HDL Synthesis                          *
=========================================================================


=========================================================================
Advanced HDL Synthesis Report

Macro Statistics
# Adders/Subtractors                                   : 1
 32-bit subtractor                                     : 1
# Registers                                            : 97
 Flip-Flops                                            : 97
# Comparators                                          : 1
 32-bit comparator greater                             : 1
# Multiplexers                                         : 157
 1-bit 2-to-1 multiplexer                              : 125
 1-bit 3-to-1 multiplexer                              : 32
# FSMs                                                 : 1

=========================================================================

=========================================================================
*                         Low Level Synthesis                           *
=========================================================================
Analyzing FSM <MFsm> for best encoding.
Optimizing FSM <FSM_0> on signal <state[1:2]> with user encoding.
-------------------
 State | Encoding
-------------------
 00    | 00
 01    | 01
 10    | 10
 11    | 11
-------------------

Optimizing unit <timer> ...
WARNING:Xst:1710 - FF/Latch <mem<0>_5> (without init value) has a constant value of 0 in block <timer>. This FF/Latch will be trimmed during the optimization process.
WARNING:Xst:1895 - Due to other FF/Latch trimming, FF/Latch <mem<0>_6> (without init value) has a constant value of 0 in block <timer>. This FF/Latch will be trimmed during the optimization process.
WARNING:Xst:1895 - Due to other FF/Latch trimming, FF/Latch <mem<0>_4> (without init value) has a constant value of 0 in block <timer>. This FF/Latch will be trimmed during the optimization process.
WARNING:Xst:1895 - Due to other FF/Latch trimming, FF/Latch <mem<0>_7> (without init value) has a constant value of 0 in block <timer>. This FF/Latch will be trimmed during the optimization process.
WARNING:Xst:1895 - Due to other FF/Latch trimming, FF/Latch <mem<0>_8> (without init value) has a constant value of 0 in block <timer>. This FF/Latch will be trimmed during the optimization process.
WARNING:Xst:1895 - Due to other FF/Latch trimming, FF/Latch <mem<0>_10> (without init value) has a constant value of 0 in block <timer>. This FF/Latch will be trimmed during the optimization process.
WARNING:Xst:1895 - Due to other FF/Latch trimming, FF/Latch <mem<0>_11> (without init value) has a constant value of 0 in block <timer>. This FF/Latch will be trimmed during the optimization process.
WARNING:Xst:1895 - Due to other FF/Latch trimming, FF/Latch <mem<0>_9> (without init value) has a constant value of 0 in block <timer>. This FF/Latch will be trimmed during the optimization process.
WARNING:Xst:1895 - Due to other FF/Latch trimming, FF/Latch <mem<0>_12> (without init value) has a constant value of 0 in block <timer>. This FF/Latch will be trimmed during the optimization process.
WARNING:Xst:1895 - Due to other FF/Latch trimming, FF/Latch <mem<0>_13> (without init value) has a constant value of 0 in block <timer>. This FF/Latch will be trimmed during the optimization process.
WARNING:Xst:1895 - Due to other FF/Latch trimming, FF/Latch <mem<0>_15> (without init value) has a constant value of 0 in block <timer>. This FF/Latch will be trimmed during the optimization process.
WARNING:Xst:1895 - Due to other FF/Latch trimming, FF/Latch <mem<0>_16> (without init value) has a constant value of 0 in block <timer>. This FF/Latch will be trimmed during the optimization process.
WARNING:Xst:1895 - Due to other FF/Latch trimming, FF/Latch <mem<0>_14> (without init value) has a constant value of 0 in block <timer>. This FF/Latch will be trimmed during the optimization process.
WARNING:Xst:1895 - Due to other FF/Latch trimming, FF/Latch <mem<0>_17> (without init value) has a constant value of 0 in block <timer>. This FF/Latch will be trimmed during the optimization process.
WARNING:Xst:1895 - Due to other FF/Latch trimming, FF/Latch <mem<0>_18> (without init value) has a constant value of 0 in block <timer>. This FF/Latch will be trimmed during the optimization process.
WARNING:Xst:1895 - Due to other FF/Latch trimming, FF/Latch <mem<0>_20> (without init value) has a constant value of 0 in block <timer>. This FF/Latch will be trimmed during the optimization process.
WARNING:Xst:1895 - Due to other FF/Latch trimming, FF/Latch <mem<0>_21> (without init value) has a constant value of 0 in block <timer>. This FF/Latch will be trimmed during the optimization process.
WARNING:Xst:1895 - Due to other FF/Latch trimming, FF/Latch <mem<0>_19> (without init value) has a constant value of 0 in block <timer>. This FF/Latch will be trimmed during the optimization process.
WARNING:Xst:1895 - Due to other FF/Latch trimming, FF/Latch <mem<0>_22> (without init value) has a constant value of 0 in block <timer>. This FF/Latch will be trimmed during the optimization process.
WARNING:Xst:1895 - Due to other FF/Latch trimming, FF/Latch <mem<0>_23> (without init value) has a constant value of 0 in block <timer>. This FF/Latch will be trimmed during the optimization process.
WARNING:Xst:1895 - Due to other FF/Latch trimming, FF/Latch <mem<0>_25> (without init value) has a constant value of 0 in block <timer>. This FF/Latch will be trimmed during the optimization process.
WARNING:Xst:1895 - Due to other FF/Latch trimming, FF/Latch <mem<0>_26> (without init value) has a constant value of 0 in block <timer>. This FF/Latch will be trimmed during the optimization process.
WARNING:Xst:1895 - Due to other FF/Latch trimming, FF/Latch <mem<0>_24> (without init value) has a constant value of 0 in block <timer>. This FF/Latch will be trimmed during the optimization process.
WARNING:Xst:1895 - Due to other FF/Latch trimming, FF/Latch <mem<0>_28> (without init value) has a constant value of 0 in block <timer>. This FF/Latch will be trimmed during the optimization process.
WARNING:Xst:1895 - Due to other FF/Latch trimming, FF/Latch <mem<0>_29> (without init value) has a constant value of 0 in block <timer>. This FF/Latch will be trimmed during the optimization process.
WARNING:Xst:1895 - Due to other FF/Latch trimming, FF/Latch <mem<0>_27> (without init value) has a constant value of 0 in block <timer>. This FF/Latch will be trimmed during the optimization process.
WARNING:Xst:1895 - Due to other FF/Latch trimming, FF/Latch <mem<0>_31> (without init value) has a constant value of 0 in block <timer>. This FF/Latch will be trimmed during the optimization process.
WARNING:Xst:1895 - Due to other FF/Latch trimming, FF/Latch <mem<0>_30> (without init value) has a constant value of 0 in block <timer>. This FF/Latch will be trimmed during the optimization process.

Mapping all equations...
Building and optimizing final netlist ...
Found area constraint ratio of 100 (+ 5) on block timer, actual ratio is 0.

Final Macro Processing ...

=========================================================================
Final Register Report

Macro Statistics
# Registers                                            : 71
 Flip-Flops                                            : 71

=========================================================================

=========================================================================
*                           Partition Report                            *
=========================================================================

Partition Implementation Status
-------------------------------

  No Partitions were found in this design.

-------------------------------

=========================================================================
*                            Design Summary                             *
=========================================================================

Top Level Output File Name         : timer.ngc

Primitive and Black Box Usage:
------------------------------
# BELS                             : 219
#      GND                         : 1
#      INV                         : 32
#      LUT1                        : 1
#      LUT2                        : 3
#      LUT3                        : 34
#      LUT4                        : 29
#      LUT5                        : 11
#      LUT6                        : 35
#      MUXCY                       : 40
#      VCC                         : 1
#      XORCY                       : 32
# FlipFlops/Latches                : 71
#      FDR                         : 3
#      FDRE                        : 68
# Clock Buffers                    : 1
#      BUFGP                       : 1
# IO Buffers                       : 69
#      IBUF                        : 36
#      OBUF                        : 33

Device utilization summary:
---------------------------

Selected Device : 7a100tcsg324-3 


Slice Logic Utilization: 
 Number of Slice Registers:              71  out of  126800     0%  
 Number of Slice LUTs:                  145  out of  63400     0%  
    Number used as Logic:               145  out of  63400     0%  

Slice Logic Distribution: 
 Number of LUT Flip Flop pairs used:    147
   Number with an unused Flip Flop:      76  out of    147    51%  
   Number with an unused LUT:             2  out of    147     1%  
   Number of fully used LUT-FF pairs:    69  out of    147    46%  
   Number of unique control sets:         5

IO Utilization: 
 Number of IOs:                          98
 Number of bonded IOBs:                  70  out of    210    33%  

Specific Feature Utilization:
 Number of BUFG/BUFGCTRLs:                1  out of     32     3%  

---------------------------
Partition Resource Summary:
---------------------------

  No Partitions were found in this design.

---------------------------


=========================================================================
Timing Report

NOTE: THESE TIMING NUMBERS ARE ONLY A SYNTHESIS ESTIMATE.
      FOR ACCURATE TIMING INFORMATION PLEASE REFER TO THE TRACE REPORT
      GENERATED AFTER PLACE-and-ROUTE.

Clock Information:
------------------
-----------------------------------+------------------------+-------+
Clock Signal                       | Clock buffer(FF name)  | Load  |
-----------------------------------+------------------------+-------+
clk                                | BUFGP                  | 71    |
-----------------------------------+------------------------+-------+

Asynchronous Control Signals Information:
----------------------------------------
No asynchronous control signals found in this design

Timing Summary:
---------------
Speed Grade: -3

   Minimum period: 2.588ns (Maximum Frequency: 386.429MHz)
   Minimum input arrival time before clock: 1.528ns
   Maximum output required time after clock: 1.253ns
   Maximum combinational path delay: 1.172ns

Timing Details:
---------------
All values displayed in nanoseconds (ns)

=========================================================================
Timing constraint: Default period analysis for Clock 'clk'
  Clock period: 2.588ns (frequency: 386.429MHz)
  Total number of paths / destination ports: 1761 / 69
-------------------------------------------------------------------------
Delay:               2.588ns (Levels of Logic = 10)
  Source:            mem_01 (FF)
  Destination:       mem_51 (FF)
  Source Clock:      clk rising
  Destination Clock: clk rising

  Data Path: mem_01 to mem_51
                                Gate     Net
    Cell:in->out      fanout   Delay   Delay  Logical Name (Net Name)
    ----------------------------------------  ------------
     FDRE:C->Q             2   0.361   0.300  mem_01 (mem_01)
     LUT1:I0->O            1   0.097   0.000  Msub_mem[2][31]_GND_1_o_sub_10_OUT_cy<0>_rt (Msub_mem[2][31]_GND_1_o_sub_10_OUT_cy<0>_rt)
     MUXCY:S->O            1   0.353   0.000  Msub_mem[2][31]_GND_1_o_sub_10_OUT_cy<0> (Msub_mem[2][31]_GND_1_o_sub_10_OUT_cy<0>)
     MUXCY:CI->O           1   0.023   0.000  Msub_mem[2][31]_GND_1_o_sub_10_OUT_cy<1> (Msub_mem[2][31]_GND_1_o_sub_10_OUT_cy<1>)
     MUXCY:CI->O           1   0.023   0.000  Msub_mem[2][31]_GND_1_o_sub_10_OUT_cy<2> (Msub_mem[2][31]_GND_1_o_sub_10_OUT_cy<2>)
     MUXCY:CI->O           1   0.023   0.000  Msub_mem[2][31]_GND_1_o_sub_10_OUT_cy<3> (Msub_mem[2][31]_GND_1_o_sub_10_OUT_cy<3>)
     MUXCY:CI->O           1   0.023   0.000  Msub_mem[2][31]_GND_1_o_sub_10_OUT_cy<4> (Msub_mem[2][31]_GND_1_o_sub_10_OUT_cy<4>)
     XORCY:CI->O           1   0.370   0.295  Msub_mem[2][31]_GND_1_o_sub_10_OUT_xor<5> (mem[2][31]_GND_1_o_sub_10_OUT<5>)
     LUT3:I2->O            1   0.097   0.000  Mmux_state[1]_mem[2][31]_mux_48_OUT[69]11_lut (Mmux_state[1]_mem[2][31]_mux_48_OUT[69]11_lut)
     MUXCY:S->O            1   0.353   0.000  Mmux_state[1]_mem[2][31]_mux_48_OUT[69]11_cy (Mcompar_GND_1_o_mem[2][31]_LessThan_9_o_cy<6>_l1)
     MUXCY:CI->O           1   0.262   0.000  Mmux_state[1]_mem[2][31]_mux_48_OUT[69]11_cy1 (state[1]_mem[2][31]_mux_48_OUT[69])
     FDRE:D                    0.008          mem_51
    ----------------------------------------
    Total                      2.588ns (1.993ns logic, 0.595ns route)
                                       (77.0% logic, 23.0% route)

=========================================================================
Timing constraint: Default OFFSET IN BEFORE for Clock 'clk'
  Total number of paths / destination ports: 494 / 210
-------------------------------------------------------------------------
Offset:              1.528ns (Levels of Logic = 2)
  Source:            WE (PAD)
  Destination:       mem<0>_0 (FF)
  Destination Clock: clk rising

  Data Path: WE to mem<0>_0
                                Gate     Net
    Cell:in->out      fanout   Delay   Delay  Logical Name (Net Name)
    ----------------------------------------  ------------
     IBUF:I->O            43   0.001   0.802  WE_IBUF (WE_IBUF)
     LUT6:I0->O            1   0.097   0.279  Reset_OR_DriverANDClockEnable1 (Reset_OR_DriverANDClockEnable)
     FDRE:R                    0.349          mem<0>_0
    ----------------------------------------
    Total                      1.528ns (0.447ns logic, 1.081ns route)
                                       (29.3% logic, 70.7% route)

=========================================================================
Timing constraint: Default OFFSET OUT AFTER for Clock 'clk'
  Total number of paths / destination ports: 70 / 33
-------------------------------------------------------------------------
Offset:              1.253ns (Levels of Logic = 2)
  Source:            mem_3 (FF)
  Destination:       Dout<3> (PAD)
  Source Clock:      clk rising

  Data Path: mem_3 to Dout<3>
                                Gate     Net
    Cell:in->out      fanout   Delay   Delay  Logical Name (Net Name)
    ----------------------------------------  ------------
     FDRE:C->Q             2   0.361   0.515  mem_3 (mem_3)
     LUT5:I2->O            1   0.097   0.279  mux2511 (Dout_3_OBUF)
     OBUF:I->O                 0.000          Dout_3_OBUF (Dout<3>)
    ----------------------------------------
    Total                      1.253ns (0.458ns logic, 0.795ns route)
                                       (36.6% logic, 63.4% route)

=========================================================================
Timing constraint: Default path analysis
  Total number of paths / destination ports: 64 / 32
-------------------------------------------------------------------------
Delay:               1.172ns (Levels of Logic = 3)
  Source:            Addr<3> (PAD)
  Destination:       Dout<3> (PAD)

  Data Path: Addr<3> to Dout<3>
                                Gate     Net
    Cell:in->out      fanout   Delay   Delay  Logical Name (Net Name)
    ----------------------------------------  ------------
     IBUF:I->O            65   0.001   0.795  Addr_3_IBUF (Addr_3_IBUF)
     LUT5:I0->O            1   0.097   0.279  mux1101 (Dout_0_OBUF)
     OBUF:I->O                 0.000          Dout_0_OBUF (Dout<0>)
    ----------------------------------------
    Total                      1.172ns (0.098ns logic, 1.074ns route)
                                       (8.4% logic, 91.6% route)

=========================================================================

Cross Clock Domains Report:
--------------------------

Clock to Setup on destination clock clk
---------------+---------+---------+---------+---------+
               | Src:Rise| Src:Fall| Src:Rise| Src:Fall|
Source Clock   |Dest:Rise|Dest:Rise|Dest:Fall|Dest:Fall|
---------------+---------+---------+---------+---------+
clk            |    2.588|         |         |         |
---------------+---------+---------+---------+---------+

=========================================================================


Total REAL time to Xst completion: 10.00 secs
Total CPU time to Xst completion: 10.13 secs
 
--> 

Total memory usage is 4699272 kilobytes

Number of errors   :    0 (   0 filtered)
Number of warnings :   29 (   0 filtered)
Number of infos    :    0 (   0 filtered)

