ISim log file
Running: C:\ashdaisdh\p4-CPU\tb_isim_beh.exe -intstyle ise -gui -tclbatch isim.cmd -wdb C:/ashdaisdh/p4-CPU/tb_isim_beh.wdb 
ISim P.20131013 (signature 0x7708f090)
This is a Full version of ISim.
Time resolution is 1 ps
# onerror resume
# wave add /
# run 1000 ns
Simulator is doing circuit initialization process.
Finished circuit initialization process.
@00003000: $ 1 <= 12340000
@00003004: $ 8 <= 12345678
@00003008: $ 9 <= 00000000
@0000300c: $16 <= 0000000a
@00003010: $17 <= 00000005
@00003018: $29 <= 000001f4
@0000301c: $31 <= 00003020
@0000303c: $ 9 <= 00000001
@00003040: $29 <= 000001f0
@00003044: *000001f0 <= 00003020
@00003048: $31 <= 0000304c
@0000303c: $ 9 <= 00000002
@00003040: $29 <= 000001ec
@00003044: *000001ec <= 0000304c
@00003048: $31 <= 0000304c
@0000303c: $ 9 <= 00000003
@00003040: $29 <= 000001e8
@00003044: *000001e8 <= 0000304c
@00003048: $31 <= 0000304c
@0000303c: $ 9 <= 00000004
@00003040: $29 <= 000001e4
@00003044: *000001e4 <= 0000304c
@00003048: $31 <= 0000304c
@0000303c: $ 9 <= 00000005
@00003040: $29 <= 000001e0
@00003044: *000001e0 <= 0000304c
@00003048: $31 <= 0000304c
@0000303c: $ 9 <= 00000006
@00003040: $29 <= 000001dc
@00003044: *000001dc <= 0000304c
@00003048: $31 <= 0000304c
@0000303c: $ 9 <= 00000007
@00003040: $29 <= 000001d8
@00003044: *000001d8 <= 0000304c
@00003048: $31 <= 0000304c
@0000303c: $ 9 <= 00000008
@00003040: $29 <= 000001d4
@00003044: *000001d4 <= 0000304c
@00003048: $31 <= 0000304c
@0000303c: $ 9 <= 00000009
@00003040: $29 <= 000001d0
@00003044: *000001d0 <= 0000304c
@00003048: $31 <= 0000304c
@0000303c: $ 9 <= 0000000a
@00003040: $29 <= 000001cc
@00003044: *000001cc <= 0000304c
@00003048: $31 <= 0000304c
@0000304c: $31 <= 0000304c
@00003050: $29 <= 000001d0
@0000304c: $31 <= 0000304c
@00003050: $29 <= 000001d4
@0000304c: $31 <= 0000304c
@00003050: $29 <= 000001d8
@0000304c: $31 <= 0000304c
@00003050: $29 <= 000001dc
@0000304c: $31 <= 0000304c
@00003050: $29 <= 000001e0
@0000304c: $31 <= 0000304c
@00003050: $29 <= 000001e4
@0000304c: $31 <= 0000304c
@00003050: $29 <= 000001e8
@0000304c: $31 <= 0000304c
@00003050: $29 <= 000001ec
@0000304c: $31 <= 0000304c
@00003050: $29 <= 000001f0
@0000304c: $31 <= 00003020
@00003050: $29 <= 000001f4
@00003024: $10 <= 00000001
@00003030: $10 <= 00000002
@00003030: $10 <= 00000003
